<?xml version="1.0" encoding="UTF-8"?>
<!-- Generated by org.testng.reporters.JUnitReportReporter -->
<testsuite hostname="LAPTOP-DJ419Q3K" failures="0" tests="2" name="demo.FirstTest" time="41.129" errors="0" timestamp="2020-09-27T12:49:20 IST" skipped="0">
  <testcase classname="demo.FirstTest" name="f" time="11.865"/>
  <system-out/>
  <testcase classname="demo.FirstTest" name="f" time="29.264"/>
  <system-out/>
</testsuite> <!-- demo.FirstTest -->
